<html>
<head>
<title>TestNG:  test1</title>
<link href="../testng.css" rel="stylesheet" type="text/css" />
<link href="../my-testng.css" rel="stylesheet" type="text/css" />

<style type="text/css">
.log { display: none;} 
.stack-trace { display: none;} 
</style>
<script type="text/javascript">
<!--
function flip(e) {
  current = e.style.display;
  if (current == 'block') {
    e.style.display = 'none';
    return 0;
  }
  else {
    e.style.display = 'block';
    return 1;
  }
}

function toggleBox(szDivId, elem, msg1, msg2)
{
  var res = -1;  if (document.getElementById) {
    res = flip(document.getElementById(szDivId));
  }
  else if (document.all) {
    // this is the way old msie versions work
    res = flip(document.all[szDivId]);
  }
  if(elem) {
    if(res == 0) elem.innerHTML = msg1; else elem.innerHTML = msg2;
  }

}

function toggleAllBoxes() {
  if (document.getElementsByTagName) {
    d = document.getElementsByTagName('div');
    for (i = 0; i < d.length; i++) {
      if (d[i].className == 'log') {
        flip(d[i]);
      }
    }
  }
}

// -->
</script>

</head>
<body>
<h2 align='center'>test1</h2><table border='1' align="center">
<tr>
<td>Tests passed/Failed/Skipped:</td><td>25/3/0</td>
</tr><tr>
<td>Started on:</td><td>Sun Feb 09 21:24:32 CST 2020</td>
</tr>
<tr><td>Total time:</td><td>98 seconds (98984 ms)</td>
</tr><tr>
<td>Included groups:</td><td></td>
</tr><tr>
<td>Excluded groups:</td><td></td>
</tr>
</table><p/>
<small><i>(Hover the method name to see the test class name)</i></small><p/>
<table width='100%' border='1' class='invocation-failed'>
<tr><td colspan='4' align='center'><b>FAILED TESTS</b></td></tr>
<tr><td><b>Test method</b></td>
<td width="30%"><b>Exception</b></td>
<td width="10%"><b>Time (seconds)</b></td>
<td><b>Instance</b></td>
</tr>
<tr>
<td title='com.testing.testng.dataDriven.f()'><b>f</b><br>Test class: com.testing.testng.dataDriven<br>Parameters: 24, , 搜索商品, input, //input[@id='qqq'], 测试商品Roy, , , , , </td>
<td><div><pre>java.lang.AssertionError: expected [pass] but found [fail]
	at com.testing.testng.dataDriven.f(dataDriven.java:42)
... Removed 34 stack frames</pre></div><a href='#' onClick='toggleBox("stack-trace1791706561", this, "Click to show all stack frames", "Click to hide stack frames")'>Click to show all stack frames</a>
<div class='stack-trace' id='stack-trace1791706561'><pre>java.lang.AssertionError: expected [pass] but found [fail]
	at org.testng.Assert.fail(Assert.java:96)
	at org.testng.Assert.failNotEquals(Assert.java:776)
	at org.testng.Assert.assertEqualsImpl(Assert.java:137)
	at org.testng.Assert.assertEquals(Assert.java:118)
	at org.testng.Assert.assertEquals(Assert.java:453)
	at org.testng.Assert.assertEquals(Assert.java:463)
	at com.testing.testng.dataDriven.f(dataDriven.java:42)
	at sun.reflect.GeneratedMethodAccessor5.invoke(Unknown Source)
	at sun.reflect.DelegatingMethodAccessorImpl.invoke(DelegatingMethodAccessorImpl.java:43)
	at java.lang.reflect.Method.invoke(Method.java:498)
	at org.testng.internal.MethodInvocationHelper.invokeMethod(MethodInvocationHelper.java:124)
	at org.testng.internal.Invoker.invokeMethod(Invoker.java:583)
	at org.testng.internal.Invoker.invokeTestMethod(Invoker.java:719)
	at org.testng.internal.Invoker.invokeTestMethods(Invoker.java:989)
	at org.testng.internal.TestMethodWorker.invokeTestMethods(TestMethodWorker.java:125)
	at org.testng.internal.TestMethodWorker.run(TestMethodWorker.java:109)
	at org.testng.TestRunner.privateRun(TestRunner.java:648)
	at org.testng.TestRunner.run(TestRunner.java:505)
	at org.testng.SuiteRunner.runTest(SuiteRunner.java:455)
	at org.testng.SuiteRunner.runSequentially(SuiteRunner.java:450)
	at org.testng.SuiteRunner.privateRun(SuiteRunner.java:415)
	at org.testng.SuiteRunner.run(SuiteRunner.java:364)
	at org.testng.SuiteRunnerWorker.runSuite(SuiteRunnerWorker.java:52)
	at org.testng.SuiteRunnerWorker.run(SuiteRunnerWorker.java:84)
	at org.testng.TestNG.runSuitesSequentially(TestNG.java:1208)
	at org.testng.TestNG.runSuitesLocally(TestNG.java:1137)
	at org.testng.TestNG.runSuites(TestNG.java:1049)
	at org.testng.TestNG.run(TestNG.java:1017)
	at org.apache.maven.surefire.testng.TestNGExecutor.run(TestNGExecutor.java:283)
	at org.apache.maven.surefire.testng.TestNGXmlTestSuite.execute(TestNGXmlTestSuite.java:75)
	at org.apache.maven.surefire.testng.TestNGProvider.invoke(TestNGProvider.java:120)
	at org.apache.maven.surefire.booter.ForkedBooter.invokeProviderInSameClassLoader(ForkedBooter.java:384)
	at org.apache.maven.surefire.booter.ForkedBooter.runSuitesInProcess(ForkedBooter.java:345)
	at org.apache.maven.surefire.booter.ForkedBooter.execute(ForkedBooter.java:126)
	at org.apache.maven.surefire.booter.ForkedBooter.main(ForkedBooter.java:418)
</pre></div></td>
<td>11</td>
<td>com.testing.testng.dataDriven@4e28bdd1</td></tr>
<tr>
<td title='com.testing.testng.dataDriven.f()'><b>f</b><br>Test class: com.testing.testng.dataDriven<br>Parameters: 26, , 选择第一个商品, click, //div[@class='shop-list-splb p']/ul/li[1]/div/div[1]/a, , , , , , </td>
<td><div><pre>java.lang.AssertionError: expected [pass] but found [fail]
	at com.testing.testng.dataDriven.f(dataDriven.java:42)
... Removed 34 stack frames</pre></div><a href='#' onClick='toggleBox("stack-trace1502502072", this, "Click to show all stack frames", "Click to hide stack frames")'>Click to show all stack frames</a>
<div class='stack-trace' id='stack-trace1502502072'><pre>java.lang.AssertionError: expected [pass] but found [fail]
	at org.testng.Assert.fail(Assert.java:96)
	at org.testng.Assert.failNotEquals(Assert.java:776)
	at org.testng.Assert.assertEqualsImpl(Assert.java:137)
	at org.testng.Assert.assertEquals(Assert.java:118)
	at org.testng.Assert.assertEquals(Assert.java:453)
	at org.testng.Assert.assertEquals(Assert.java:463)
	at com.testing.testng.dataDriven.f(dataDriven.java:42)
	at sun.reflect.GeneratedMethodAccessor5.invoke(Unknown Source)
	at sun.reflect.DelegatingMethodAccessorImpl.invoke(DelegatingMethodAccessorImpl.java:43)
	at java.lang.reflect.Method.invoke(Method.java:498)
	at org.testng.internal.MethodInvocationHelper.invokeMethod(MethodInvocationHelper.java:124)
	at org.testng.internal.Invoker.invokeMethod(Invoker.java:583)
	at org.testng.internal.Invoker.invokeTestMethod(Invoker.java:719)
	at org.testng.internal.Invoker.invokeTestMethods(Invoker.java:989)
	at org.testng.internal.TestMethodWorker.invokeTestMethods(TestMethodWorker.java:125)
	at org.testng.internal.TestMethodWorker.run(TestMethodWorker.java:109)
	at org.testng.TestRunner.privateRun(TestRunner.java:648)
	at org.testng.TestRunner.run(TestRunner.java:505)
	at org.testng.SuiteRunner.runTest(SuiteRunner.java:455)
	at org.testng.SuiteRunner.runSequentially(SuiteRunner.java:450)
	at org.testng.SuiteRunner.privateRun(SuiteRunner.java:415)
	at org.testng.SuiteRunner.run(SuiteRunner.java:364)
	at org.testng.SuiteRunnerWorker.runSuite(SuiteRunnerWorker.java:52)
	at org.testng.SuiteRunnerWorker.run(SuiteRunnerWorker.java:84)
	at org.testng.TestNG.runSuitesSequentially(TestNG.java:1208)
	at org.testng.TestNG.runSuitesLocally(TestNG.java:1137)
	at org.testng.TestNG.runSuites(TestNG.java:1049)
	at org.testng.TestNG.run(TestNG.java:1017)
	at org.apache.maven.surefire.testng.TestNGExecutor.run(TestNGExecutor.java:283)
	at org.apache.maven.surefire.testng.TestNGXmlTestSuite.execute(TestNGXmlTestSuite.java:75)
	at org.apache.maven.surefire.testng.TestNGProvider.invoke(TestNGProvider.java:120)
	at org.apache.maven.surefire.booter.ForkedBooter.invokeProviderInSameClassLoader(ForkedBooter.java:384)
	at org.apache.maven.surefire.booter.ForkedBooter.runSuitesInProcess(ForkedBooter.java:345)
	at org.apache.maven.surefire.booter.ForkedBooter.execute(ForkedBooter.java:126)
	at org.apache.maven.surefire.booter.ForkedBooter.main(ForkedBooter.java:418)
</pre></div></td>
<td>11</td>
<td>com.testing.testng.dataDriven@4e28bdd1</td></tr>
<tr>
<td title='com.testing.testng.dataDriven.f()'><b>f</b><br>Test class: com.testing.testng.dataDriven<br>Parameters: 27, , 添加购物车, click, //*[@id='join_cart'], , , , , , </td>
<td><div><pre>java.lang.AssertionError: expected [pass] but found [fail]
	at com.testing.testng.dataDriven.f(dataDriven.java:42)
... Removed 34 stack frames</pre></div><a href='#' onClick='toggleBox("stack-trace1016138445", this, "Click to show all stack frames", "Click to hide stack frames")'>Click to show all stack frames</a>
<div class='stack-trace' id='stack-trace1016138445'><pre>java.lang.AssertionError: expected [pass] but found [fail]
	at org.testng.Assert.fail(Assert.java:96)
	at org.testng.Assert.failNotEquals(Assert.java:776)
	at org.testng.Assert.assertEqualsImpl(Assert.java:137)
	at org.testng.Assert.assertEquals(Assert.java:118)
	at org.testng.Assert.assertEquals(Assert.java:453)
	at org.testng.Assert.assertEquals(Assert.java:463)
	at com.testing.testng.dataDriven.f(dataDriven.java:42)
	at sun.reflect.GeneratedMethodAccessor5.invoke(Unknown Source)
	at sun.reflect.DelegatingMethodAccessorImpl.invoke(DelegatingMethodAccessorImpl.java:43)
	at java.lang.reflect.Method.invoke(Method.java:498)
	at org.testng.internal.MethodInvocationHelper.invokeMethod(MethodInvocationHelper.java:124)
	at org.testng.internal.Invoker.invokeMethod(Invoker.java:583)
	at org.testng.internal.Invoker.invokeTestMethod(Invoker.java:719)
	at org.testng.internal.Invoker.invokeTestMethods(Invoker.java:989)
	at org.testng.internal.TestMethodWorker.invokeTestMethods(TestMethodWorker.java:125)
	at org.testng.internal.TestMethodWorker.run(TestMethodWorker.java:109)
	at org.testng.TestRunner.privateRun(TestRunner.java:648)
	at org.testng.TestRunner.run(TestRunner.java:505)
	at org.testng.SuiteRunner.runTest(SuiteRunner.java:455)
	at org.testng.SuiteRunner.runSequentially(SuiteRunner.java:450)
	at org.testng.SuiteRunner.privateRun(SuiteRunner.java:415)
	at org.testng.SuiteRunner.run(SuiteRunner.java:364)
	at org.testng.SuiteRunnerWorker.runSuite(SuiteRunnerWorker.java:52)
	at org.testng.SuiteRunnerWorker.run(SuiteRunnerWorker.java:84)
	at org.testng.TestNG.runSuitesSequentially(TestNG.java:1208)
	at org.testng.TestNG.runSuitesLocally(TestNG.java:1137)
	at org.testng.TestNG.runSuites(TestNG.java:1049)
	at org.testng.TestNG.run(TestNG.java:1017)
	at org.apache.maven.surefire.testng.TestNGExecutor.run(TestNGExecutor.java:283)
	at org.apache.maven.surefire.testng.TestNGXmlTestSuite.execute(TestNGXmlTestSuite.java:75)
	at org.apache.maven.surefire.testng.TestNGProvider.invoke(TestNGProvider.java:120)
	at org.apache.maven.surefire.booter.ForkedBooter.invokeProviderInSameClassLoader(ForkedBooter.java:384)
	at org.apache.maven.surefire.booter.ForkedBooter.runSuitesInProcess(ForkedBooter.java:345)
	at org.apache.maven.surefire.booter.ForkedBooter.execute(ForkedBooter.java:126)
	at org.apache.maven.surefire.booter.ForkedBooter.main(ForkedBooter.java:418)
</pre></div></td>
<td>11</td>
<td>com.testing.testng.dataDriven@4e28bdd1</td></tr>
</table><p>
<table width='100%' border='1' class='invocation-passed'>
<tr><td colspan='4' align='center'><b>PASSED TESTS</b></td></tr>
<tr><td><b>Test method</b></td>
<td width="30%"><b>Exception</b></td>
<td width="10%"><b>Time (seconds)</b></td>
<td><b>Instance</b></td>
</tr>
<tr>
<td title='com.testing.testng.dataDriven.f()'><b>f</b><br>Test class: com.testing.testng.dataDriven<br>Parameters: 1, , 打开浏览器, openBrowser, chrome, , , , , , </td>
<td></td>
<td>19</td>
<td>com.testing.testng.dataDriven@4e28bdd1</td></tr>
<tr>
<td title='com.testing.testng.dataDriven.f()'><b>f</b><br>Test class: com.testing.testng.dataDriven<br>Parameters: 2, , 访问商城后台, visitWeb, http://testingedu.com.cn:8000/Admin/Admin/login, , , , , , </td>
<td></td>
<td>1</td>
<td>com.testing.testng.dataDriven@4e28bdd1</td></tr>
<tr>
<td title='com.testing.testng.dataDriven.f()'><b>f</b><br>Test class: com.testing.testng.dataDriven<br>Parameters: 3, , 输入用户名, input, //input[@name='username'], admin, , , , , </td>
<td></td>
<td>0</td>
<td>com.testing.testng.dataDriven@4e28bdd1</td></tr>
<tr>
<td title='com.testing.testng.dataDriven.f()'><b>f</b><br>Test class: com.testing.testng.dataDriven<br>Parameters: 4, , 输入密码, input, //input[@name='password'], 123456, , , , , </td>
<td></td>
<td>0</td>
<td>com.testing.testng.dataDriven@4e28bdd1</td></tr>
<tr>
<td title='com.testing.testng.dataDriven.f()'><b>f</b><br>Test class: com.testing.testng.dataDriven<br>Parameters: 5, , 输入验证码, input, //*[@id='vertify'], 1, , , , , </td>
<td></td>
<td>0</td>
<td>com.testing.testng.dataDriven@4e28bdd1</td></tr>
<tr>
<td title='com.testing.testng.dataDriven.f()'><b>f</b><br>Test class: com.testing.testng.dataDriven<br>Parameters: 6, , 点击登录, click, //input[@name='submit'], , , , , , </td>
<td></td>
<td>1</td>
<td>com.testing.testng.dataDriven@4e28bdd1</td></tr>
<tr>
<td title='com.testing.testng.dataDriven.f()'><b>f</b><br>Test class: com.testing.testng.dataDriven<br>Parameters: 7, , 点击商城菜单, click, //a[text()='商城'], , , , , , </td>
<td></td>
<td>0</td>
<td>com.testing.testng.dataDriven@4e28bdd1</td></tr>
<tr>
<td title='com.testing.testng.dataDriven.f()'><b>f</b><br>Test class: com.testing.testng.dataDriven<br>Parameters: 8, , 切换到工作Iframe, intoIframe, //iframe[@id='workspace'], , , , , , </td>
<td></td>
<td>0</td>
<td>com.testing.testng.dataDriven@4e28bdd1</td></tr>
<tr>
<td title='com.testing.testng.dataDriven.f()'><b>f</b><br>Test class: com.testing.testng.dataDriven<br>Parameters: 9, , 点击添加商品, click, //div[@title='添加商品'], , , , , , </td>
<td></td>
<td>0</td>
<td>com.testing.testng.dataDriven@4e28bdd1</td></tr>
<tr>
<td title='com.testing.testng.dataDriven.f()'><b>f</b><br>Test class: com.testing.testng.dataDriven<br>Parameters: 10, , 输入商品名称, input, //input[@name='goods_name'], 测试商品Roy, , , , , </td>
<td></td>
<td>1</td>
<td>com.testing.testng.dataDriven@4e28bdd1</td></tr>
<tr>
<td title='com.testing.testng.dataDriven.f()'><b>f</b><br>Test class: com.testing.testng.dataDriven<br>Parameters: 11, , 选择商品类型, selectByValue, //*[@id='cat_id'], 52, , , , , </td>
<td></td>
<td>0</td>
<td>com.testing.testng.dataDriven@4e28bdd1</td></tr>
<tr>
<td title='com.testing.testng.dataDriven.f()'><b>f</b><br>Test class: com.testing.testng.dataDriven<br>Parameters: 12, , 等待, halt, 1, , , , , , </td>
<td></td>
<td>1</td>
<td>com.testing.testng.dataDriven@4e28bdd1</td></tr>
<tr>
<td title='com.testing.testng.dataDriven.f()'><b>f</b><br>Test class: com.testing.testng.dataDriven<br>Parameters: 13, , 选择商品类型2, selectByValue, //*[@id='cat_id_2'], 54, , , , , </td>
<td></td>
<td>0</td>
<td>com.testing.testng.dataDriven@4e28bdd1</td></tr>
<tr>
<td title='com.testing.testng.dataDriven.f()'><b>f</b><br>Test class: com.testing.testng.dataDriven<br>Parameters: 14, , 等待, halt, 1, , , , , , </td>
<td></td>
<td>1</td>
<td>com.testing.testng.dataDriven@4e28bdd1</td></tr>
<tr>
<td title='com.testing.testng.dataDriven.f()'><b>f</b><br>Test class: com.testing.testng.dataDriven<br>Parameters: 15, , 选择商品类型3, selectByValue, //*[@id='cat_id_3'], 374, , , , , </td>
<td></td>
<td>0</td>
<td>com.testing.testng.dataDriven@4e28bdd1</td></tr>
<tr>
<td title='com.testing.testng.dataDriven.f()'><b>f</b><br>Test class: com.testing.testng.dataDriven<br>Parameters: 16, , 输入市场价格, input, //input[@name='shop_price'], 50, , , , , </td>
<td></td>
<td>0</td>
<td>com.testing.testng.dataDriven@4e28bdd1</td></tr>
<tr>
<td title='com.testing.testng.dataDriven.f()'><b>f</b><br>Test class: com.testing.testng.dataDriven<br>Parameters: 17, , 输入商店价格, input, //input[@name='market_price'], 80, , , , , </td>
<td></td>
<td>0</td>
<td>com.testing.testng.dataDriven@4e28bdd1</td></tr>
<tr>
<td title='com.testing.testng.dataDriven.f()'><b>f</b><br>Test class: com.testing.testng.dataDriven<br>Parameters: 18, , 选择是否包邮, click, //*[@id='is_free_shipping_label_1'], , , , , , </td>
<td></td>
<td>0</td>
<td>com.testing.testng.dataDriven@4e28bdd1</td></tr>
<tr>
<td title='com.testing.testng.dataDriven.f()'><b>f</b><br>Test class: com.testing.testng.dataDriven<br>Parameters: 19, , 点击提交, click, //a[@id='submit'], , , , , , </td>
<td></td>
<td>0</td>
<td>com.testing.testng.dataDriven@4e28bdd1</td></tr>
<tr>
<td title='com.testing.testng.dataDriven.f()'><b>f</b><br>Test class: com.testing.testng.dataDriven<br>Parameters: 20, , 关闭浏览器, closeBrowser, , , , , , , </td>
<td></td>
<td>0</td>
<td>com.testing.testng.dataDriven@4e28bdd1</td></tr>
<tr>
<td title='com.testing.testng.dataDriven.f()'><b>f</b><br>Test class: com.testing.testng.dataDriven<br>Parameters: 21, , 打开浏览器, openBrowser, chrome, , , , , , </td>
<td></td>
<td>24</td>
<td>com.testing.testng.dataDriven@4e28bdd1</td></tr>
<tr>
<td title='com.testing.testng.dataDriven.f()'><b>f</b><br>Test class: com.testing.testng.dataDriven<br>Parameters: 22, , 登录商城, login, 17872149@qq.com, 123456, , , , , </td>
<td></td>
<td>7</td>
<td>com.testing.testng.dataDriven@4e28bdd1</td></tr>
<tr>
<td title='com.testing.testng.dataDriven.f()'><b>f</b><br>Test class: com.testing.testng.dataDriven<br>Parameters: 23, , 回到商城首页, visitWeb, http://testingedu.com.cn:8000/Home/Index/index.html, , , , , , </td>
<td></td>
<td>1</td>
<td>com.testing.testng.dataDriven@4e28bdd1</td></tr>
<tr>
<td title='com.testing.testng.dataDriven.f()'><b>f</b><br>Test class: com.testing.testng.dataDriven<br>Parameters: 25, , 点击提交, click, //button[@type='submit'], , , , , , </td>
<td></td>
<td>0</td>
<td>com.testing.testng.dataDriven@4e28bdd1</td></tr>
<tr>
<td title='com.testing.testng.dataDriven.f()'><b>f</b><br>Test class: com.testing.testng.dataDriven<br>Parameters: 28, , 关闭浏览器, closeBrowser, , , , , , , </td>
<td></td>
<td>0</td>
<td>com.testing.testng.dataDriven@4e28bdd1</td></tr>
</table><p>
</body>
</html>